<?xml version="1.0" encoding="UTF-8"?>
<!-- Generated by org.testng.reporters.JUnitXMLReporter -->
<testsuite ignored="2" hostname="DESKTOP-RLCUH5K" failures="1" tests="1" name="Default test(failed)" time="21.394" errors="0" timestamp="22 Apr 2024 11:57:58 GMT">
  <testcase classname="org.test.TestTask" name="tc1" time="17.084">
    <failure type="java.lang.AssertionError" message="expected [true] but found [false]">
      <![CDATA[java.lang.AssertionError: expected [true] but found [false]
at org.test.TestTask.tc1(TestTask.java:28)
... Removed 29 stack frames]]>
    </failure>
  </testcase> <!-- tc1 -->
  <testcase classname="org.test.TestTask" name="tc6" time="0.0">
    <ignored/>
  </testcase> <!-- tc6 -->
  <testcase classname="org.test.TestTask" name="tc4" time="0.0">
    <ignored/>
  </testcase> <!-- tc4 -->
</testsuite> <!-- Default test(failed) -->
