<?xml version="1.0" encoding="UTF-8"?>
<!-- Generated by org.testng.reporters.JUnitXMLReporter -->
<testsuite ignored="0" hostname="DESKTOP-RLCUH5K" failures="1" tests="6" name="Test" time="24.663" errors="0" timestamp="22 Apr 2024 12:15:25 GMT">
  <testcase classname="org.test.TestTask" name="tc1" time="15.581">
    <skipped/>
  </testcase> <!-- tc1 -->
  <testcase classname="org.test.TestTask" name="tc1" time="0.484">
    <skipped/>
  </testcase> <!-- tc1 -->
  <testcase classname="org.test.TestTask" name="tc1" time="0.425">
    <skipped/>
  </testcase> <!-- tc1 -->
  <testcase classname="org.test.TestTask" name="tc1" time="0.419">
    <failure type="java.lang.AssertionError" message="expected [true] but found [false]">
      <![CDATA[java.lang.AssertionError: expected [true] but found [false]
at org.test.TestTask.tc1(TestTask.java:28)
... Removed 29 stack frames]]>
    </failure>
  </testcase> <!-- tc1 -->
  <testcase classname="org.test.TestTask" name="tc4" time="1.502"/>
  <testcase classname="org.test.TestTask" name="tc6" time="1.607"/>
</testsuite> <!-- Test -->
