<?xml version="1.0" encoding="UTF-8"?>
<testng-results ignored="0" total="1" passed="1" failed="0" skipped="0">
  <reporter-output>
  </reporter-output>
  <suite started-at="2024-05-03T08:41:13Z" name="Default suite" finished-at="2024-05-03T08:41:13Z" duration-ms="360">
    <groups>
    </groups>
    <test started-at="2024-05-03T08:41:13Z" name="Default test" finished-at="2024-05-03T08:41:13Z" duration-ms="360">
      <class name="org.test.Sql">
        <test-method signature="sql()[pri:0, instance:org.test.Sql@343570b7]" started-at="2024-05-03T08:41:13Z" name="sql" finished-at="2024-05-03T08:41:13Z" duration-ms="321" status="PASS">
          <reporter-output>
          </reporter-output>
        </test-method> <!-- sql -->
      </class> <!-- org.test.Sql -->
    </test> <!-- Default test -->
  </suite> <!-- Default suite -->
</testng-results>
